# JRE version: Java(TM) SE Runtime Environment (8.0_60-b27) (build 1.8.0_60-b27)
# Java VM: Java HotSpot(TM) 64-Bit Server VM (25.60-b23 mixed mode windows-amd64 compressed oops)
Heap:
 PSYoungGen      total 134656K, used 72046K [0x00000000eb380000, 0x00000000f6d00000, 0x0000000100000000)
  eden space 122880K, 49% used [0x00000000eb380000,0x00000000eee5bc88,0x00000000f2b80000)
  from space 11776K, 99% used [0x00000000f2b80000,0x00000000f36ffc30,0x00000000f3700000)
  to   space 13824K, 0% used [0x00000000f5f80000,0x00000000f5f80000,0x00000000f6d00000)
 ParOldGen       total 62976K, used 22581K [0x00000000c1a00000, 0x00000000c5780000, 0x00000000eb380000)
  object space 62976K, 35% used [0x00000000c1a00000,0x00000000c300d780,0x00000000c5780000)
 Metaspace       used 47648K, capacity 48112K, committed 48640K, reserved 1091584K
  class space    used 5890K, capacity 6033K, committed 6144K, reserved 1048576K
GC Heap History (10 events):
Event: 5.757 GC heap before
{Heap before GC invocations=9 (full 1):
 PSYoungGen      total 73216K, used 71209K [0x00000000eb380000, 0x00000000f2500000, 0x0000000100000000)
  eden space 65536K, 100% used [0x00000000eb380000,0x00000000ef380000,0x00000000ef380000)
  from space 7680K, 73% used [0x00000000ef380000,0x00000000ef90a570,0x00000000efb00000)
  to   space 7680K, 0% used [0x00000000f1d80000,0x00000000f1d80000,0x00000000f2500000)
 ParOldGen       total 43008K, used 13575K [0x00000000c1a00000, 0x00000000c4400000, 0x00000000eb380000)
  object space 43008K, 31% used [0x00000000c1a00000,0x00000000c2741ee0,0x00000000c4400000)
 Metaspace       used 26046K, capacity 26288K, committed 26624K, reserved 1073152K
  class space    used 3240K, capacity 3303K, committed 3328K, reserved 1048576K
Event: 5.767 GC heap after
Heap after GC invocations=9 (full 1):
 PSYoungGen      total 104448K, used 6767K [0x00000000eb380000, 0x00000000f2480000, 0x0000000100000000)
  eden space 97280K, 0% used [0x00000000eb380000,0x00000000eb380000,0x00000000f1280000)
  from space 7168K, 94% used [0x00000000f1d80000,0x00000000f241bd70,0x00000000f2480000)
  to   space 7680K, 0% used [0x00000000f1580000,0x00000000f1580000,0x00000000f1d00000)
 ParOldGen       total 43008K, used 13583K [0x00000000c1a00000, 0x00000000c4400000, 0x00000000eb380000)
  object space 43008K, 31% used [0x00000000c1a00000,0x00000000c2743ee0,0x00000000c4400000)
 Metaspace       used 26046K, capacity 26288K, committed 26624K, reserved 1073152K
  class space    used 3240K, capacity 3303K, committed 3328K, reserved 1048576K
}
Event: 7.228 GC heap before
{Heap before GC invocations=10 (full 1):
 PSYoungGen      total 104448K, used 104047K [0x00000000eb380000, 0x00000000f2480000, 0x0000000100000000)
  eden space 97280K, 100% used [0x00000000eb380000,0x00000000f1280000,0x00000000f1280000)
  from space 7168K, 94% used [0x00000000f1d80000,0x00000000f241bd70,0x00000000f2480000)
  to   space 7680K, 0% used [0x00000000f1580000,0x00000000f1580000,0x00000000f1d00000)
 ParOldGen       total 43008K, used 13583K [0x00000000c1a00000, 0x00000000c4400000, 0x00000000eb380000)
  object space 43008K, 31% used [0x00000000c1a00000,0x00000000c2743ee0,0x00000000c4400000)
 Metaspace       used 29615K, capacity 29832K, committed 30080K, reserved 1075200K
  class space    used 3624K, capacity 3691K, committed 3712K, reserved 1048576K
Event: 7.261 GC heap after
Heap after GC invocations=10 (full 1):
 PSYoungGen      total 108032K, used 7663K [0x00000000eb380000, 0x00000000f4080000, 0x0000000100000000)
  eden space 100352K, 0% used [0x00000000eb380000,0x00000000eb380000,0x00000000f1580000)
  from space 7680K, 99% used [0x00000000f1580000,0x00000000f1cfbe68,0x00000000f1d00000)
  to   space 9728K, 0% used [0x00000000f3700000,0x00000000f3700000,0x00000000f4080000)
 ParOldGen       total 43008K, used 17193K [0x00000000c1a00000, 0x00000000c4400000, 0x00000000eb380000)
  object space 43008K, 39% used [0x00000000c1a00000,0x00000000c2aca658,0x00000000c4400000)
 Metaspace       used 29615K, capacity 29832K, committed 30080K, reserved 1075200K
  class space    used 3624K, capacity 3691K, committed 3712K, reserved 1048576K
}
Event: 8.305 GC heap before
{Heap before GC invocations=11 (full 1):
 PSYoungGen      total 108032K, used 47168K [0x00000000eb380000, 0x00000000f4080000, 0x0000000100000000)
  eden space 100352K, 39% used [0x00000000eb380000,0x00000000eda14318,0x00000000f1580000)
  from space 7680K, 99% used [0x00000000f1580000,0x00000000f1cfbe68,0x00000000f1d00000)
  to   space 9728K, 0% used [0x00000000f3700000,0x00000000f3700000,0x00000000f4080000)
 ParOldGen       total 43008K, used 17193K [0x00000000c1a00000, 0x00000000c4400000, 0x00000000eb380000)
  object space 43008K, 39% used [0x00000000c1a00000,0x00000000c2aca658,0x00000000c4400000)
 Metaspace       used 34893K, capacity 35172K, committed 35456K, reserved 1081344K
  class space    used 4259K, capacity 4361K, committed 4480K, reserved 1048576K
Event: 8.375 GC heap after
Heap after GC invocations=11 (full 1):
 PSYoungGen      total 132608K, used 9720K [0x00000000eb380000, 0x00000000f4d00000, 0x0000000100000000)
  eden space 122880K, 0% used [0x00000000eb380000,0x00000000eb380000,0x00000000f2b80000)
  from space 9728K, 99% used [0x00000000f3700000,0x00000000f407e0c8,0x00000000f4080000)
  to   space 11776K, 0% used [0x00000000f2b80000,0x00000000f2b80000,0x00000000f3700000)
 ParOldGen       total 43008K, used 19762K [0x00000000c1a00000, 0x00000000c4400000, 0x00000000eb380000)
  object space 43008K, 45% used [0x00000000c1a00000,0x00000000c2d4c9e0,0x00000000c4400000)
 Metaspace       used 34893K, capacity 35172K, committed 35456K, reserved 1081344K
  class space    used 4259K, capacity 4361K, committed 4480K, reserved 1048576K
}
Event: 8.375 GC heap before
{Heap before GC invocations=12 (full 2):
 PSYoungGen      total 132608K, used 9720K [0x00000000eb380000, 0x00000000f4d00000, 0x0000000100000000)
  eden space 122880K, 0% used [0x00000000eb380000,0x00000000eb380000,0x00000000f2b80000)
  from space 9728K, 99% used [0x00000000f3700000,0x00000000f407e0c8,0x00000000f4080000)
  to   space 11776K, 0% used [0x00000000f2b80000,0x00000000f2b80000,0x00000000f3700000)
 ParOldGen       total 43008K, used 19762K [0x00000000c1a00000, 0x00000000c4400000, 0x00000000eb380000)
  object space 43008K, 45% used [0x00000000c1a00000,0x00000000c2d4c9e0,0x00000000c4400000)
 Metaspace       used 34893K, capacity 35172K, committed 35456K, reserved 1081344K
  class space    used 4259K, capacity 4361K, committed 4480K, reserved 1048576K
Event: 8.529 GC heap after
Heap after GC invocations=12 (full 2):
 PSYoungGen      total 132608K, used 0K [0x00000000eb380000, 0x00000000f4d00000, 0x0000000100000000)
  eden space 122880K, 0% used [0x00000000eb380000,0x00000000eb380000,0x00000000f2b80000)
  from space 9728K, 0% used [0x00000000f3700000,0x00000000f3700000,0x00000000f4080000)
  to   space 11776K, 0% used [0x00000000f2b80000,0x00000000f2b80000,0x00000000f3700000)
 ParOldGen       total 62976K, used 20948K [0x00000000c1a00000, 0x00000000c5780000, 0x00000000eb380000)
  object space 62976K, 33% used [0x00000000c1a00000,0x00000000c2e753e8,0x00000000c5780000)
 Metaspace       used 34893K, capacity 35172K, committed 35456K, reserved 1081344K
  class space    used 4259K, capacity 4361K, committed 4480K, reserved 1048576K
}
Event: 11.182 GC heap before
{Heap before GC invocations=13 (full 2):
 PSYoungGen      total 132608K, used 122880K [0x00000000eb380000, 0x00000000f4d00000, 0x0000000100000000)
  eden space 122880K, 100% used [0x00000000eb380000,0x00000000f2b80000,0x00000000f2b80000)
  from space 9728K, 0% used [0x00000000f3700000,0x00000000f3700000,0x00000000f4080000)
  to   space 11776K, 0% used [0x00000000f2b80000,0x00000000f2b80000,0x00000000f3700000)
 ParOldGen       total 62976K, used 20948K [0x00000000c1a00000, 0x00000000c5780000, 0x00000000eb380000)
  object space 62976K, 33% used [0x00000000c1a00000,0x00000000c2e753e8,0x00000000c5780000)
 Metaspace       used 43251K, capacity 43644K, committed 43904K, reserved 1087488K
  class space    used 5351K, capacity 5469K, committed 5504K, reserved 1048576K
Event: 11.269 GC heap after
Heap after GC invocations=13 (full 2):
 PSYoungGen      total 134656K, used 11775K [0x00000000eb380000, 0x00000000f6d00000, 0x0000000100000000)
  eden space 122880K, 0% used [0x00000000eb380000,0x00000000eb380000,0x00000000f2b80000)
  from space 11776K, 99% used [0x00000000f2b80000,0x00000000f36ffc30,0x00000000f3700000)
  to   space 13824K, 0% used [0x00000000f5f80000,0x00000000f5f80000,0x00000000f6d00000)
 ParOldGen       total 62976K, used 22581K [0x00000000c1a00000, 0x00000000c5780000, 0x00000000eb380000)
  object space 62976K, 35% used [0x00000000c1a00000,0x00000000c300d780,0x00000000c5780000)
 Metaspace       used 43251K, capacity 43644K, committed 43904K, reserved 1087488K
  class space    used 5351K, capacity 5469K, committed 5504K, reserved 1048576K
}

